10:04:40.938 [main                     ] DEBUG Logger               - Configured Logger
10:04:40.953 [main                     ] DEBUG GameApplication      - Logging settings
Title: Kotlin Game - Target Practice
Version: 0.0
Width: 720
Height: 640
Fullscreen: false
Intro: false
Profiling: false
Single step:false
App Mode: DEVELOPER
Menu Key: ESCAPE
Stage Style: DECORATED
Scene Factory: class com.almasb.fxgl.app.scene.SceneFactory

10:04:42.339 [JavaFX Application Thread] DEBUG FXGLApplication      - Initializing FXGL
10:04:42.344 [JavaFX Application Thread] INFO  Engine               - FXGL-11.17 (16.07.2021 15.46) on WINDOWS (J:17 FX:16)
10:04:42.344 [JavaFX Application Thread] DEBUG Engine               - JRE Vendor Name: Oracle Corporation
10:04:42.344 [JavaFX Application Thread] DEBUG Engine               - Running on OS: Windows 10 version 10.0
10:04:42.344 [JavaFX Application Thread] DEBUG Engine               - Architecture: amd64
10:04:42.345 [JavaFX Application Thread] INFO  Engine               - Source code and latest versions at: https://github.com/AlmasB/FXGL
10:04:42.345 [JavaFX Application Thread] INFO  Engine               -              Join the FXGL chat at: https://gitter.im/AlmasB/FXGL
10:04:42.560 [JavaFX Application Thread] DEBUG PrimaryStageWindow   - Creating a JavaFX scene
10:04:42.676 [JavaFX Application Thread] DEBUG PrimaryStageWindow   - Target settings size: 720.0 x 640.0
10:04:42.676 [JavaFX Application Thread] DEBUG PrimaryStageWindow   - Scaled scene size:    720.0 x 640.0
10:04:42.677 [JavaFX Application Thread] DEBUG PrimaryStageWindow   - Scaled ratio: (1.0, 1.0)
10:04:42.678 [JavaFX Application Thread] DEBUG PrimaryStageWindow   - Set initial scene to FXGLStartupScene
10:04:42.689 [JavaFX Application Thread] DEBUG PrimaryStageWindow   - Opening main window
10:04:42.881 [JavaFX Application Thread] DEBUG PrimaryStageWindow   - Window border size: (14.4000244140625, 37.5999755859375)
10:04:42.881 [JavaFX Application Thread] DEBUG PrimaryStageWindow   - Scaled size: 720.0 x 640.0
10:04:42.882 [JavaFX Application Thread] DEBUG PrimaryStageWindow   - Scaled ratio: (1.0, 1.0)
10:04:42.882 [JavaFX Application Thread] DEBUG PrimaryStageWindow   - Scene size: 720.0 x 640.0
10:04:42.882 [JavaFX Application Thread] DEBUG PrimaryStageWindow   - Stage size: 734.4000244140625 x 677.5999755859375
10:04:42.904 [FXGL Background Thread 1 ] DEBUG Engine               - Initializing environment variables
10:04:43.046 [FXGL Background Thread 1 ] DEBUG FXGLAssetLoaderServi - User app class for loading assets: class tutorial.KotlinGameApp
10:04:43.046 [FXGL Background Thread 1 ] DEBUG GameApplicationServi - Applying CSS: fxgl_dark.css
10:04:43.048 [FXGL Background Thread 1 ] DEBUG FXGLAssetLoaderServi - Loading from file system: jar:file:/C:/Users/theoc/.m2/repository/com/github/almasb/fxgl/11.17/fxgl-11.17.jar!/fxglassets/ui/css/fxgl_dark.css
10:04:43.170 [FXGL Background Thread 1 ] DEBUG GameApplicationServi - Initializing application scenes
10:04:43.257 [FXGL Background Thread 1 ] DEBUG GameWorld            - Game world initialized
10:04:43.387 [FXGL Background Thread 1 ] DEBUG PhysicsWorld         - Physics world initialized: appHeight=640, physics.ppm=50.0
10:04:43.387 [FXGL Background Thread 1 ] DEBUG PhysicsWorld         - Using strategy: BRUTE_FORCE
10:04:43.393 [FXGL Background Thread 1 ] DEBUG GameScene            - Game scene initialized: 720x640
10:04:43.425 [FXGL Background Thread 1 ] WARN  FXGL.DefaultMenu     - FXGLDefaultMenu is not designed for resolutions < 800x600
10:04:43.425 [FXGL Background Thread 1 ] DEBUG FXGL.DefaultMenu     - createMenuBodyGameMenu()
10:04:43.464 [FXGL Background Thread 1 ] DEBUG FXGL.DefaultMenu     - createOptionsMenu()
10:04:43.490 [FXGL Background Thread 1 ] DEBUG FXGLAssetLoaderServi - Loading from file system: jar:file:/C:/Users/theoc/.m2/repository/com/github/almasb/fxgl/11.17/fxgl-11.17.jar!/fxglassets/textures/particles/smoke.png
10:04:43.670 [FXGL Background Thread 1 ] DEBUG FXGLAssetLoaderServi - Loading from file system: jar:file:/C:/Users/theoc/.m2/repository/com/github/almasb/fxgl/11.17/fxgl-11.17.jar!/fxglassets/textures/particles/trace_horizontal.png
10:04:43.705 [FXGL Background Thread 1 ] DEBUG GameApplicationServi - Application scenes initialized
10:04:43.720 [FXGL Background Thread 1 ] DEBUG SystemBundleService  - Loading FXGL system data
10:04:43.732 [FXGL Background Thread 1 ] DEBUG FileSystemAccess     - Reading from: C:\Users\theoc\IdeaProjects\ktmaven\system\fxgl.bundle
10:04:43.740 [FXGL Background Thread 1 ] DEBUG SystemBundleService  - Bundle FXGL: {}
10:04:43.740 [FXGL Background Thread 1 ] DEBUG UpdaterService       - Checking for updates
10:04:43.745 [FXGL Background Thread 4 ] DEBUG FXGLApplication      - Loading fonts
10:04:43.746 [FXGL Background Thread 4 ] DEBUG FXGLAssetLoaderServi - Loading from file system: jar:file:/C:/Users/theoc/.m2/repository/com/github/almasb/fxgl/11.17/fxgl-11.17.jar!/fxglassets/ui/fonts/VarelaRound-Regular.ttf
10:04:43.746 [FXGL Background Thread 1 ] DEBUG FXGLApplication      - Loading default localization
10:04:43.747 [FXGL Background Thread 1 ] DEBUG FXGLAssetLoaderServi - Loading from file system: jar:file:/C:/Users/theoc/.m2/repository/com/github/almasb/fxgl/11.17/fxgl-11.17.jar!/fxglassets/languages/english.lang
10:04:43.777 [FXGL Background Thread 1 ] INFO  FXGLApplication      - FXGL initialization took: 0.873 sec
10:04:43.799 [JavaFX Application Thread] DEBUG Input                - Registered new binding: Shoot - Space
10:04:43.800 [JavaFX Application Thread] DEBUG Input                - Registered new binding: moveleft - A
10:04:43.801 [JavaFX Application Thread] DEBUG Input                - Registered new binding: moveright - D
10:04:43.802 [JavaFX Application Thread] DEBUG FXGLAssetLoaderServi - Loading from file system: jar:file:/C:/Users/theoc/.m2/repository/com/github/almasb/fxgl/11.17/fxgl-11.17.jar!/fxglassets/textures/fxgl_icon.png
10:04:43.840 [JavaFX Application Thread] DEBUG FXGLAssetLoaderServi - Loading from file system: jar:file:/C:/Users/theoc/.m2/repository/com/github/almasb/fxgl/11.17/fxgl-11.17.jar!/fxglassets/textures/fxgl_default_cursor.png
10:04:43.843 [JavaFX Application Thread] DEBUG Input                - Registered new binding: Screenshot - CTRL+8
10:04:43.845 [JavaFX Application Thread] DEBUG Input                - Registered new binding: System info dump - CTRL+9
10:04:43.846 [JavaFX Application Thread] DEBUG Input                - Registered new binding: Restart - CTRL+R
10:04:43.847 [JavaFX Application Thread] DEBUG Input                - Registered new binding: Toggle Debug Camera - CTRL+C
10:04:43.851 [JavaFX Application Thread] DEBUG LoopRunner           - Starting loop
10:04:43.852 [JavaFX Application Thread] DEBUG LoopRunner           - Initializing JavaFX AnimationTimerLoop
10:04:43.855 [JavaFX Application Thread] DEBUG GameApplicationServi - Starting new game
10:04:43.856 [JavaFX Application Thread] DEBUG Input                - Clearing active input actions
10:04:43.859 [FXGL Background Thread 4 ] DEBUG FXGLAssetLoaderServi - Loading from file system: jar:file:/C:/Users/theoc/.m2/repository/com/github/almasb/fxgl/11.17/fxgl-11.17.jar!/fxglassets/ui/fonts/Abel-Regular.ttf
10:04:43.875 [JavaFX Application Thread] DEBUG GameApplicationServi - Removing overlay from FXGLStartupScene and adding to FXGLLoadingScene
10:04:43.875 [JavaFX Application Thread] DEBUG PrimaryStageWindow   - FXGLStartupScene -> FXGLLoadingScene
10:04:43.875 [JavaFX Application Thread] DEBUG GameApplicationServi - Clearing previous game
10:04:43.876 [JavaFX Application Thread] DEBUG GameScene            - Clearing game scene
10:04:43.876 [JavaFX Application Thread] DEBUG GameWorld            - Clearing game world
10:04:43.876 [JavaFX Application Thread] DEBUG PhysicsWorld         - Clearing physics world
10:04:43.879 [FXGL Background Thread 4 ] DEBUG FXGLAssetLoaderServi - Loading from file system: jar:file:/C:/Users/theoc/.m2/repository/com/github/almasb/fxgl/11.17/fxgl-11.17.jar!/fxglassets/ui/fonts/lucida_console.ttf
10:04:43.879 [FXGL Background Thread 1 ] DEBUG FXGLApplication      - Initializing game
10:04:43.901 [FXGL Background Thread 1 ] INFO  FXGLApplication      - Game initialization took: 0.022 sec
10:04:43.928 [FXGL Background Thread 4 ] DEBUG FXGLAssetLoaderServi - Loading from file system: jar:file:/C:/Users/theoc/.m2/repository/com/github/almasb/fxgl/11.17/fxgl-11.17.jar!/fxglassets/ui/fonts/Courier-Prime.ttf
10:04:43.983 [JavaFX Application Thread] DEBUG Input                - Clearing active input actions
10:04:44.001 [JavaFX Application Thread] DEBUG GameApplicationServi - Removing overlay from FXGLLoadingScene and adding to GameScene
10:04:44.001 [JavaFX Application Thread] DEBUG PrimaryStageWindow   - FXGLLoadingScene -> GameScene
10:04:44.002 [JavaFX Application Thread] DEBUG FXGLApplication      - Registering font factories with UI factory
10:04:46.745 [FXGL Background Thread 3 ] DEBUG Engine               - Logging environment variables
10:04:46.745 [FXGL Background Thread 3 ] DEBUG Engine               - achievements: []
10:04:46.745 [FXGL Background Thread 3 ] DEBUG Engine               - actualHeight: 640.0
10:04:46.745 [FXGL Background Thread 3 ] DEBUG Engine               - actualHeightProperty: ReadOnlyDoubleProperty [value: 640.0]
10:04:46.746 [FXGL Background Thread 3 ] DEBUG Engine               - actualWidth: 720.0
10:04:46.746 [FXGL Background Thread 3 ] DEBUG Engine               - actualWidthProperty: ReadOnlyDoubleProperty [value: 720.0]
10:04:46.746 [FXGL Background Thread 3 ] DEBUG Engine               - appIcon: fxgl_icon.png
10:04:46.746 [FXGL Background Thread 3 ] DEBUG Engine               - applicationMode: DEVELOPER
10:04:46.746 [FXGL Background Thread 3 ] DEBUG Engine               - cSSList: [fxgl_dark.css]
10:04:46.746 [FXGL Background Thread 3 ] DEBUG Engine               - collisionDetectionStrategy: BRUTE_FORCE
10:04:46.746 [FXGL Background Thread 3 ] DEBUG Engine               - configClass: Optional.empty
10:04:46.746 [FXGL Background Thread 3 ] DEBUG Engine               - credits: []
10:04:46.746 [FXGL Background Thread 3 ] DEBUG Engine               - defaultCursor: CursorInfo(imageName=fxgl_default_cursor.png, hotspotX=7.0, hotspotY=6.0)
10:04:46.747 [FXGL Background Thread 3 ] DEBUG Engine               - devBBoxColorProperty: ObjectProperty [value: 0xff0000ff]
10:04:46.747 [FXGL Background Thread 3 ] DEBUG Engine               - devEnableDebugCameraProperty: BooleanProperty [value: false]
10:04:46.747 [FXGL Background Thread 3 ] DEBUG Engine               - devSensorColorProperty: ObjectProperty [value: 0xffff00ff]
10:04:46.747 [FXGL Background Thread 3 ] DEBUG Engine               - devShowBBoxProperty: BooleanProperty [value: false]
10:04:46.747 [FXGL Background Thread 3 ] DEBUG Engine               - devShowPositionProperty: BooleanProperty [value: false]
10:04:46.747 [FXGL Background Thread 3 ] DEBUG Engine               - enabledMenuItems: []
10:04:46.747 [FXGL Background Thread 3 ] DEBUG Engine               - engineServices: [class com.almasb.fxgl.app.services.FXGLAssetLoaderService, class com.almasb.fxgl.app.FXGLApplication$GameApplicationService, class com.almasb.fxgl.app.services.FXGLDialogService, class com.almasb.fxgl.app.services.IOTaskExecutorService, class com.almasb.fxgl.io.FileSystemService, class com.almasb.fxgl.localization.LocalizationService, class com.almasb.fxgl.app.services.SystemBundleService, class com.almasb.fxgl.profile.SaveLoadService, class com.almasb.fxgl.ui.FXGLUIFactoryServiceProvider, class com.almasb.fxgl.ui.FXGLDialogFactoryServiceProvider, class com.almasb.fxgl.audio.AudioPlayer, class com.almasb.fxgl.notification.impl.NotificationServiceProvider, class com.almasb.fxgl.achievement.AchievementService, class com.almasb.fxgl.cutscene.CutsceneService, class com.almasb.fxgl.minigames.MiniGameService, class com.almasb.fxgl.net.NetService, class com.almasb.fxgl.app.services.UpdaterService, class com.almasb.fxgl.dev.DevService]
10:04:46.747 [FXGL Background Thread 3 ] DEBUG Engine               - fontGame: Abel-Regular.ttf
10:04:46.748 [FXGL Background Thread 3 ] DEBUG Engine               - fontMono: lucida_console.ttf
10:04:46.748 [FXGL Background Thread 3 ] DEBUG Engine               - fontText: Courier-Prime.ttf
10:04:46.748 [FXGL Background Thread 3 ] DEBUG Engine               - fontUI: VarelaRound-Regular.ttf
10:04:46.748 [FXGL Background Thread 3 ] DEBUG Engine               - fullScreen: BooleanProperty [value: false]
10:04:46.748 [FXGL Background Thread 3 ] DEBUG Engine               - gameDifficulty: MEDIUM
10:04:46.748 [FXGL Background Thread 3 ] DEBUG Engine               - gameDifficultyProperty: ObjectProperty [value: MEDIUM]
10:04:46.748 [FXGL Background Thread 3 ] DEBUG Engine               - globalMusicVolume: 0.5
10:04:46.748 [FXGL Background Thread 3 ] DEBUG Engine               - globalMusicVolumeProperty: DoubleProperty [value: 0.5]
10:04:46.748 [FXGL Background Thread 3 ] DEBUG Engine               - globalSoundVolume: 0.5
10:04:46.748 [FXGL Background Thread 3 ] DEBUG Engine               - globalSoundVolumeProperty: DoubleProperty [value: 0.5]
10:04:46.748 [FXGL Background Thread 3 ] DEBUG Engine               - height: 640
10:04:46.748 [FXGL Background Thread 3 ] DEBUG Engine               - is3D: false
10:04:46.749 [FXGL Background Thread 3 ] DEBUG Engine               - isAndroid: false
10:04:46.749 [FXGL Background Thread 3 ] DEBUG Engine               - isBrowser: false
10:04:46.749 [FXGL Background Thread 3 ] DEBUG Engine               - isClickFeedbackEnabled: false
10:04:46.749 [FXGL Background Thread 3 ] DEBUG Engine               - isCloseConfirmation: false
10:04:46.749 [FXGL Background Thread 3 ] DEBUG Engine               - isDesktop: true
10:04:46.749 [FXGL Background Thread 3 ] DEBUG Engine               - isDeveloperMenuEnabled: false
10:04:46.749 [FXGL Background Thread 3 ] DEBUG Engine               - isEntityPreloadEnabled: true
10:04:46.749 [FXGL Background Thread 3 ] DEBUG Engine               - isExperimentalTiledLargeMap: false
10:04:46.749 [FXGL Background Thread 3 ] DEBUG Engine               - isFileSystemWriteAllowed: true
10:04:46.749 [FXGL Background Thread 3 ] DEBUG Engine               - isFullScreenAllowed: false
10:04:46.749 [FXGL Background Thread 3 ] DEBUG Engine               - isFullScreenFromStart: false
10:04:46.749 [FXGL Background Thread 3 ] DEBUG Engine               - isGameMenuEnabled: true
10:04:46.749 [FXGL Background Thread 3 ] DEBUG Engine               - isIOS: false
10:04:46.750 [FXGL Background Thread 3 ] DEBUG Engine               - isIntroEnabled: false
10:04:46.750 [FXGL Background Thread 3 ] DEBUG Engine               - isLinux: false
10:04:46.750 [FXGL Background Thread 3 ] DEBUG Engine               - isMac: false
10:04:46.750 [FXGL Background Thread 3 ] DEBUG Engine               - isMainMenuEnabled: false
10:04:46.750 [FXGL Background Thread 3 ] DEBUG Engine               - isManualResizeEnabled: false
10:04:46.750 [FXGL Background Thread 3 ] DEBUG Engine               - isMobile: false
10:04:46.750 [FXGL Background Thread 3 ] DEBUG Engine               - isNative: false
10:04:46.750 [FXGL Background Thread 3 ] DEBUG Engine               - isPauseMusicWhenMinimized: true
10:04:46.750 [FXGL Background Thread 3 ] DEBUG Engine               - isPreserveResizeRatio: false
10:04:46.751 [FXGL Background Thread 3 ] DEBUG Engine               - isProfilingEnabled: false
10:04:46.751 [FXGL Background Thread 3 ] DEBUG Engine               - isScaleAffectedOnResize: true
10:04:46.751 [FXGL Background Thread 3 ] DEBUG Engine               - isSingleStep: false
10:04:46.751 [FXGL Background Thread 3 ] DEBUG Engine               - isUserProfileEnabled: false
10:04:46.751 [FXGL Background Thread 3 ] DEBUG Engine               - isWindows: true
10:04:46.751 [FXGL Background Thread 3 ] DEBUG Engine               - language: ObjectProperty [value: ENGLISH]
10:04:46.751 [FXGL Background Thread 3 ] DEBUG Engine               - menuKey: ESCAPE
10:04:46.751 [FXGL Background Thread 3 ] DEBUG Engine               - mouseSensitivity: 0.2
10:04:46.751 [FXGL Background Thread 3 ] DEBUG Engine               - notificationViewClass: class com.almasb.fxgl.notification.view.XboxNotificationView
10:04:46.751 [FXGL Background Thread 3 ] DEBUG Engine               - pixelsPerMeter: 50.0
10:04:46.752 [FXGL Background Thread 3 ] DEBUG Engine               - platform: WINDOWS
10:04:46.752 [FXGL Background Thread 3 ] DEBUG Engine               - prefHeightProperty: ReadOnlyDoubleProperty [value: 640.0]
10:04:46.752 [FXGL Background Thread 3 ] DEBUG Engine               - prefWidthProperty: ReadOnlyDoubleProperty [value: 720.0]
10:04:46.752 [FXGL Background Thread 3 ] DEBUG Engine               - profileDir: profiles/
10:04:46.752 [FXGL Background Thread 3 ] DEBUG Engine               - profileName: StringProperty [value: DEFAULT]
10:04:46.752 [FXGL Background Thread 3 ] DEBUG Engine               - randomSeed: -1
10:04:46.752 [FXGL Background Thread 3 ] DEBUG Engine               - runtimeInfo: RuntimeInfo(platform=WINDOWS, version=11.17, build=16.07.2021 15.46)
10:04:46.752 [FXGL Background Thread 3 ] DEBUG Engine               - saveFileExt: sav
10:04:46.753 [FXGL Background Thread 3 ] DEBUG Engine               - scaledHeightProp$fxgl: DoubleProperty [bound, value: 640.0]
10:04:46.753 [FXGL Background Thread 3 ] DEBUG Engine               - scaledWidthProp$fxgl: DoubleProperty [bound, value: 720.0]
10:04:46.753 [FXGL Background Thread 3 ] DEBUG Engine               - sceneFactory: com.almasb.fxgl.app.scene.SceneFactory@3344c6e8
10:04:46.753 [FXGL Background Thread 3 ] DEBUG Engine               - secondsIn24h: 60
10:04:46.753 [FXGL Background Thread 3 ] DEBUG Engine               - soundMenuBack: menu/back.wav
10:04:46.753 [FXGL Background Thread 3 ] DEBUG Engine               - soundMenuPress: menu/press.wav
10:04:46.753 [FXGL Background Thread 3 ] DEBUG Engine               - soundMenuSelect: menu/select.wav
10:04:46.753 [FXGL Background Thread 3 ] DEBUG Engine               - soundNotification: core/notification.wav
10:04:46.753 [FXGL Background Thread 3 ] DEBUG Engine               - stageStyle: DECORATED
10:04:46.754 [FXGL Background Thread 3 ] DEBUG Engine               - supportedLanguages: [ENGLISH, FRENCH, GERMAN, HUNGARIAN, RUSSIAN]
10:04:46.754 [FXGL Background Thread 3 ] DEBUG Engine               - ticksPerSecond: -1
10:04:46.754 [FXGL Background Thread 3 ] DEBUG Engine               - title: Kotlin Game - Target Practice
10:04:46.754 [FXGL Background Thread 3 ] DEBUG Engine               - urlGithub: https://github.com/AlmasB/FXGL
10:04:46.754 [FXGL Background Thread 3 ] DEBUG Engine               - urlLeaderboard: http://fxgl-top.herokuapp.com/
10:04:46.754 [FXGL Background Thread 3 ] DEBUG Engine               - urlPOM: https://raw.githubusercontent.com/AlmasB/FXGL/release/README.md
10:04:46.755 [FXGL Background Thread 3 ] DEBUG Engine               - userAppClass: class tutorial.KotlinGameApp
10:04:46.755 [FXGL Background Thread 3 ] DEBUG Engine               - version: 0.0
10:04:46.755 [FXGL Background Thread 3 ] DEBUG Engine               - versionCheckDays: 7
10:04:46.756 [FXGL Background Thread 3 ] DEBUG Engine               - width: 720
10:04:46.756 [FXGL Background Thread 3 ] DEBUG Engine               - Logging services
10:04:46.756 [FXGL Background Thread 3 ] DEBUG Engine               - class com.almasb.fxgl.app.services.FXGLAssetLoaderService
10:04:46.756 [FXGL Background Thread 3 ] DEBUG Engine               - class com.almasb.fxgl.app.FXGLApplication$GameApplicationService
10:04:46.756 [FXGL Background Thread 3 ] DEBUG Engine               - class com.almasb.fxgl.app.services.FXGLDialogService
10:04:46.757 [FXGL Background Thread 3 ] DEBUG Engine               - class com.almasb.fxgl.app.services.IOTaskExecutorService
10:04:46.757 [FXGL Background Thread 3 ] DEBUG Engine               - class com.almasb.fxgl.io.FileSystemService
10:04:46.757 [FXGL Background Thread 3 ] DEBUG Engine               - class com.almasb.fxgl.localization.LocalizationService
10:04:46.757 [FXGL Background Thread 3 ] DEBUG Engine               - class com.almasb.fxgl.app.services.SystemBundleService
10:04:46.757 [FXGL Background Thread 3 ] DEBUG Engine               - class com.almasb.fxgl.profile.SaveLoadService
10:04:46.757 [FXGL Background Thread 3 ] DEBUG Engine               - class com.almasb.fxgl.ui.FXGLUIFactoryServiceProvider
10:04:46.757 [FXGL Background Thread 3 ] DEBUG Engine               - class com.almasb.fxgl.ui.FXGLDialogFactoryServiceProvider
10:04:46.757 [FXGL Background Thread 3 ] DEBUG Engine               - class com.almasb.fxgl.audio.AudioPlayer
10:04:46.758 [FXGL Background Thread 3 ] DEBUG Engine               - class com.almasb.fxgl.notification.impl.NotificationServiceProvider
10:04:46.758 [FXGL Background Thread 3 ] DEBUG Engine               - class com.almasb.fxgl.achievement.AchievementService
10:04:46.758 [FXGL Background Thread 3 ] DEBUG Engine               - class com.almasb.fxgl.cutscene.CutsceneService
10:04:46.758 [FXGL Background Thread 3 ] DEBUG Engine               - class com.almasb.fxgl.minigames.MiniGameService
10:04:46.758 [FXGL Background Thread 3 ] DEBUG Engine               - class com.almasb.fxgl.net.NetService
10:04:46.758 [FXGL Background Thread 3 ] DEBUG Engine               - class com.almasb.fxgl.app.services.UpdaterService
10:04:46.758 [FXGL Background Thread 3 ] DEBUG Engine               - class com.almasb.fxgl.dev.DevService
10:04:58.431 [JavaFX Application Thread] DEBUG FXGLApplication      - Exiting FXGL
10:04:58.432 [JavaFX Application Thread] DEBUG LoopRunner           - Stopping loop
10:04:58.433 [JavaFX Application Thread] DEBUG SystemBundleService  - Saving FXGL system data
10:04:58.439 [JavaFX Application Thread] DEBUG FileSystemAccess     - Writing to: C:\Users\theoc\IdeaProjects\ktmaven\system\fxgl.bundle
10:04:58.445 [JavaFX Application Thread] DEBUG Async                - Shutting down background threads
10:04:58.446 [JavaFX Application Thread] DEBUG PrimaryStageWindow   - Closing main window
10:04:58.470 [JavaFX Application Thread] DEBUG Logger               - Closing Logger
